0 verbose cli /usr/bin/node /usr/bin/npm
1 info using npm@10.7.0
2 info using node@v18.20.3
3 silly config:load:file:/usr/lib/node_modules/npm/npmrc
4 silly config:load:file:/var/www/.npmrc
5 silly config:load:file:/usr/etc/npmrc
6 verbose title npm install
7 verbose argv "install"
8 verbose logfile logs-max:10 dir:/var/www/.npm/_logs/2024-06-19T18_20_59_612Z-
9 verbose logfile /var/www/.npm/_logs/2024-06-19T18_20_59_612Z-debug-0.log
10 silly logfile start cleaning logs, removing 1 files
11 silly logfile done cleaning log files
12 silly idealTree buildDeps
13 silly reify moves {}
14 silly audit bulk request {
14 silly audit   '@alloc/quick-lru': [ '5.2.0' ],
14 silly audit   '@babel/parser': [ '7.24.7' ],
14 silly audit   '@esbuild/aix-ppc64': [ '0.21.5' ],
14 silly audit   '@esbuild/android-arm': [ '0.21.5' ],
14 silly audit   '@esbuild/android-arm64': [ '0.21.5' ],
14 silly audit   '@esbuild/android-x64': [ '0.21.5' ],
14 silly audit   '@esbuild/darwin-arm64': [ '0.21.5' ],
14 silly audit   '@esbuild/darwin-x64': [ '0.21.5' ],
14 silly audit   '@esbuild/freebsd-arm64': [ '0.21.5' ],
14 silly audit   '@esbuild/freebsd-x64': [ '0.21.5' ],
14 silly audit   '@esbuild/linux-arm': [ '0.21.5' ],
14 silly audit   '@esbuild/linux-arm64': [ '0.21.5' ],
14 silly audit   '@esbuild/linux-ia32': [ '0.21.5' ],
14 silly audit   '@esbuild/linux-loong64': [ '0.21.5' ],
14 silly audit   '@esbuild/linux-mips64el': [ '0.21.5' ],
14 silly audit   '@esbuild/linux-ppc64': [ '0.21.5' ],
14 silly audit   '@esbuild/linux-riscv64': [ '0.21.5' ],
14 silly audit   '@esbuild/linux-s390x': [ '0.21.5' ],
14 silly audit   '@esbuild/linux-x64': [ '0.21.5' ],
14 silly audit   '@esbuild/netbsd-x64': [ '0.21.5' ],
14 silly audit   '@esbuild/openbsd-x64': [ '0.21.5' ],
14 silly audit   '@esbuild/sunos-x64': [ '0.21.5' ],
14 silly audit   '@esbuild/win32-arm64': [ '0.21.5' ],
14 silly audit   '@esbuild/win32-ia32': [ '0.21.5' ],
14 silly audit   '@esbuild/win32-x64': [ '0.21.5' ],
14 silly audit   '@isaacs/cliui': [ '8.0.2' ],
14 silly audit   '@jridgewell/gen-mapping': [ '0.3.5' ],
14 silly audit   '@jridgewell/resolve-uri': [ '3.1.2' ],
14 silly audit   '@jridgewell/set-array': [ '1.2.1' ],
14 silly audit   '@jridgewell/sourcemap-codec': [ '1.4.15' ],
14 silly audit   '@jridgewell/trace-mapping': [ '0.3.25' ],
14 silly audit   '@nodelib/fs.scandir': [ '2.1.5' ],
14 silly audit   '@nodelib/fs.stat': [ '2.0.5' ],
14 silly audit   '@nodelib/fs.walk': [ '1.2.8' ],
14 silly audit   '@pkgjs/parseargs': [ '0.11.0' ],
14 silly audit   '@rollup/rollup-android-arm-eabi': [ '4.18.0' ],
14 silly audit   '@rollup/rollup-android-arm64': [ '4.18.0' ],
14 silly audit   '@rollup/rollup-darwin-arm64': [ '4.18.0' ],
14 silly audit   '@rollup/rollup-darwin-x64': [ '4.18.0' ],
14 silly audit   '@rollup/rollup-linux-arm-gnueabihf': [ '4.18.0' ],
14 silly audit   '@rollup/rollup-linux-arm-musleabihf': [ '4.18.0' ],
14 silly audit   '@rollup/rollup-linux-arm64-gnu': [ '4.18.0' ],
14 silly audit   '@rollup/rollup-linux-arm64-musl': [ '4.18.0' ],
14 silly audit   '@rollup/rollup-linux-powerpc64le-gnu': [ '4.18.0' ],
14 silly audit   '@rollup/rollup-linux-riscv64-gnu': [ '4.18.0' ],
14 silly audit   '@rollup/rollup-linux-s390x-gnu': [ '4.18.0' ],
14 silly audit   '@rollup/rollup-linux-x64-gnu': [ '4.18.0' ],
14 silly audit   '@rollup/rollup-linux-x64-musl': [ '4.18.0' ],
14 silly audit   '@rollup/rollup-win32-arm64-msvc': [ '4.18.0' ],
14 silly audit   '@rollup/rollup-win32-ia32-msvc': [ '4.18.0' ],
14 silly audit   '@rollup/rollup-win32-x64-msvc': [ '4.18.0' ],
14 silly audit   '@tailwindcss/forms': [ '0.5.7' ],
14 silly audit   '@types/estree': [ '1.0.5' ],
14 silly audit   '@vitejs/plugin-vue': [ '4.6.2' ],
14 silly audit   '@vue/compiler-core': [ '3.4.29' ],
14 silly audit   '@vue/shared': [ '3.4.29', '3.1.5' ],
14 silly audit   '@vue/compiler-dom': [ '3.4.29' ],
14 silly audit   '@vue/compiler-sfc': [ '3.4.29' ],
14 silly audit   '@vue/compiler-ssr': [ '3.4.29' ],
14 silly audit   '@vue/reactivity': [ '3.1.5', '3.4.29' ],
14 silly audit   '@vue/runtime-core': [ '3.4.29' ],
14 silly audit   '@vue/runtime-dom': [ '3.4.29' ],
14 silly audit   '@vue/server-renderer': [ '3.4.29' ],
14 silly audit   alpinejs: [ '3.14.1' ],
14 silly audit   'ansi-regex': [ '6.0.1', '5.0.1' ],
14 silly audit   'ansi-styles': [ '6.2.1', '4.3.0' ],
14 silly audit   'any-promise': [ '1.3.0' ],
14 silly audit   anymatch: [ '3.1.3' ],
14 silly audit   arg: [ '5.0.2' ],
14 silly audit   asynckit: [ '0.4.0' ],
14 silly audit   autoprefixer: [ '10.4.19' ],
14 silly audit   axios: [ '1.7.2' ],
14 silly audit   'balanced-match': [ '1.0.2' ],
14 silly audit   'binary-extensions': [ '2.3.0' ],
14 silly audit   'brace-expansion': [ '2.0.1' ],
14 silly audit   braces: [ '3.0.3' ],
14 silly audit   browserslist: [ '4.23.1' ],
14 silly audit   'camelcase-css': [ '2.0.1' ],
14 silly audit   'caniuse-lite': [ '1.0.30001636' ],
14 silly audit   chokidar: [ '3.6.0' ],
14 silly audit   'color-convert': [ '2.0.1' ],
14 silly audit   'color-name': [ '1.1.4' ],
14 silly audit   'combined-stream': [ '1.0.8' ],
14 silly audit   commander: [ '4.1.1' ],
14 silly audit   'cross-spawn': [ '7.0.3' ],
14 silly audit   cssesc: [ '3.0.0' ],
14 silly audit   csstype: [ '3.1.3' ],
14 silly audit   'delayed-stream': [ '1.0.0' ],
14 silly audit   didyoumean: [ '1.2.2' ],
14 silly audit   dlv: [ '1.1.3' ],
14 silly audit   eastasianwidth: [ '0.2.0' ],
14 silly audit   'electron-to-chromium': [ '1.4.806' ],
14 silly audit   'emoji-regex': [ '9.2.2', '8.0.0' ],
14 silly audit   entities: [ '4.5.0' ],
14 silly audit   esbuild: [ '0.21.5' ],
14 silly audit   escalade: [ '3.1.2' ],
14 silly audit   'estree-walker': [ '2.0.2' ],
14 silly audit   'fast-glob': [ '3.3.2' ],
14 silly audit   fastq: [ '1.17.1' ],
14 silly audit   'fill-range': [ '7.1.1' ],
14 silly audit   'follow-redirects': [ '1.15.6' ],
14 silly audit   'foreground-child': [ '3.2.1' ],
14 silly audit   'form-data': [ '4.0.0' ],
14 silly audit   'fraction.js': [ '4.3.7' ],
14 silly audit   fsevents: [ '2.3.3' ],
14 silly audit   'function-bind': [ '1.1.2' ],
14 silly audit   glob: [ '10.4.2' ],
14 silly audit   'glob-parent': [ '5.1.2', '6.0.2' ],
14 silly audit   hasown: [ '2.0.2' ],
14 silly audit   immutable: [ '4.3.6' ],
14 silly audit   'is-binary-path': [ '2.1.0' ],
14 silly audit   'is-core-module': [ '2.13.1' ],
14 silly audit   'is-extglob': [ '2.1.1' ],
14 silly audit   'is-fullwidth-code-point': [ '3.0.0' ],
14 silly audit   'is-glob': [ '4.0.3' ],
14 silly audit   'is-number': [ '7.0.0' ],
14 silly audit   isexe: [ '2.0.0' ],
14 silly audit   jackspeak: [ '3.4.0' ],
14 silly audit   jiti: [ '1.21.6' ],
14 silly audit   'laravel-vite-plugin': [ '1.0.4' ],
14 silly audit   lilconfig: [ '2.1.0', '3.1.2' ],
14 silly audit   'lines-and-columns': [ '1.2.4' ],
14 silly audit   'lru-cache': [ '10.2.2' ],
14 silly audit   'magic-string': [ '0.30.10' ],
14 silly audit   merge2: [ '1.4.1' ],
14 silly audit   micromatch: [ '4.0.7' ],
14 silly audit   'mime-db': [ '1.52.0' ],
14 silly audit   'mime-types': [ '2.1.35' ],
14 silly audit   'mini-svg-data-uri': [ '1.4.4' ],
14 silly audit   minimatch: [ '9.0.4' ],
14 silly audit   minipass: [ '7.1.2' ],
14 silly audit   mz: [ '2.7.0' ],
14 silly audit   nanoid: [ '3.3.7' ],
14 silly audit   'node-releases': [ '2.0.14' ],
14 silly audit   'normalize-path': [ '3.0.0' ],
14 silly audit   'normalize-range': [ '0.1.2' ],
14 silly audit   'object-assign': [ '4.1.1' ],
14 silly audit   'object-hash': [ '3.0.0' ],
14 silly audit   'package-json-from-dist': [ '1.0.0' ],
14 silly audit   'path-key': [ '3.1.1' ],
14 silly audit   'path-parse': [ '1.0.7' ],
14 silly audit   'path-scurry': [ '1.11.1' ],
14 silly audit   picocolors: [ '1.0.1' ],
14 silly audit   picomatch: [ '2.3.1' ],
14 silly audit   pify: [ '2.3.0' ],
14 silly audit   pirates: [ '4.0.6' ],
14 silly audit   postcss: [ '8.4.38' ],
14 silly audit   'postcss-import': [ '15.1.0' ],
14 silly audit   'postcss-js': [ '4.0.1' ],
14 silly audit   'postcss-load-config': [ '4.0.2' ],
14 silly audit   'postcss-nested': [ '6.0.1' ],
14 silly audit   'postcss-selector-parser': [ '6.1.0' ],
14 silly audit   'postcss-value-parser': [ '4.2.0' ],
14 silly audit   'proxy-from-env': [ '1.1.0' ],
14 silly audit   'queue-microtask': [ '1.2.3' ],
14 silly audit   'read-cache': [ '1.0.0' ],
14 silly audit   readdirp: [ '3.6.0' ],
14 silly audit   resolve: [ '1.22.8' ],
14 silly audit   reusify: [ '1.0.4' ],
14 silly audit   rollup: [ '4.18.0' ],
14 silly audit   'run-parallel': [ '1.2.0' ],
14 silly audit   sass: [ '1.77.6' ],
14 silly audit   'shebang-command': [ '2.0.0' ],
14 silly audit   'shebang-regex': [ '3.0.0' ],
14 silly audit   'signal-exit': [ '4.1.0' ],
14 silly audit   'source-map-js': [ '1.2.0' ],
14 silly audit   'string-width': [ '5.1.2', '4.2.3' ],
14 silly audit   'strip-ansi': [ '6.0.1', '7.1.0' ],
14 silly audit   sucrase: [ '3.35.0' ],
14 silly audit   'supports-preserve-symlinks-flag': [ '1.0.0' ],
14 silly audit   tailwindcss: [ '3.4.4' ],
14 silly audit   thenify: [ '3.3.1' ],
14 silly audit   'thenify-all': [ '1.6.0' ],
14 silly audit   'to-regex-range': [ '5.0.1' ],
14 silly audit   'ts-interface-checker': [ '0.1.13' ],
14 silly audit   'update-browserslist-db': [ '1.0.16' ],
14 silly audit   'util-deprecate': [ '1.0.2' ],
14 silly audit   vite: [ '5.3.1' ],
14 silly audit   'vite-plugin-full-reload': [ '1.1.0' ],
14 silly audit   vue: [ '3.4.29' ],
14 silly audit   which: [ '2.0.2' ],
14 silly audit   'wrap-ansi': [ '8.1.0', '7.0.0' ],
14 silly audit   yaml: [ '2.4.5' ]
14 silly audit }
15 verbose reify failed optional dependency /var/www/node_modules/fsevents
16 silly reify mark deleted [ '/var/www/node_modules/fsevents' ]
17 verbose reify failed optional dependency /var/www/node_modules/@rollup/rollup-win32-x64-msvc
18 silly reify mark deleted [ '/var/www/node_modules/@rollup/rollup-win32-x64-msvc' ]
19 verbose reify failed optional dependency /var/www/node_modules/@rollup/rollup-win32-ia32-msvc
20 silly reify mark deleted [ '/var/www/node_modules/@rollup/rollup-win32-ia32-msvc' ]
21 verbose reify failed optional dependency /var/www/node_modules/@rollup/rollup-win32-arm64-msvc
22 silly reify mark deleted [ '/var/www/node_modules/@rollup/rollup-win32-arm64-msvc' ]
23 verbose reify failed optional dependency /var/www/node_modules/@rollup/rollup-linux-x64-musl
24 silly reify mark deleted [ '/var/www/node_modules/@rollup/rollup-linux-x64-musl' ]
25 verbose reify failed optional dependency /var/www/node_modules/@rollup/rollup-linux-x64-gnu
26 silly reify mark deleted [ '/var/www/node_modules/@rollup/rollup-linux-x64-gnu' ]
27 verbose reify failed optional dependency /var/www/node_modules/@rollup/rollup-linux-s390x-gnu
28 silly reify mark deleted [ '/var/www/node_modules/@rollup/rollup-linux-s390x-gnu' ]
29 verbose reify failed optional dependency /var/www/node_modules/@rollup/rollup-linux-riscv64-gnu
30 silly reify mark deleted [ '/var/www/node_modules/@rollup/rollup-linux-riscv64-gnu' ]
31 verbose reify failed optional dependency /var/www/node_modules/@rollup/rollup-linux-powerpc64le-gnu
32 silly reify mark deleted [ '/var/www/node_modules/@rollup/rollup-linux-powerpc64le-gnu' ]
33 verbose reify failed optional dependency /var/www/node_modules/@rollup/rollup-linux-arm-musleabihf
34 silly reify mark deleted [ '/var/www/node_modules/@rollup/rollup-linux-arm-musleabihf' ]
35 verbose reify failed optional dependency /var/www/node_modules/@rollup/rollup-linux-arm-gnueabihf
36 silly reify mark deleted [ '/var/www/node_modules/@rollup/rollup-linux-arm-gnueabihf' ]
37 verbose reify failed optional dependency /var/www/node_modules/@rollup/rollup-darwin-x64
38 silly reify mark deleted [ '/var/www/node_modules/@rollup/rollup-darwin-x64' ]
39 verbose reify failed optional dependency /var/www/node_modules/@rollup/rollup-darwin-arm64
40 silly reify mark deleted [ '/var/www/node_modules/@rollup/rollup-darwin-arm64' ]
41 verbose reify failed optional dependency /var/www/node_modules/@rollup/rollup-android-arm64
42 silly reify mark deleted [ '/var/www/node_modules/@rollup/rollup-android-arm64' ]
43 verbose reify failed optional dependency /var/www/node_modules/@rollup/rollup-android-arm-eabi
44 silly reify mark deleted [ '/var/www/node_modules/@rollup/rollup-android-arm-eabi' ]
45 verbose reify failed optional dependency /var/www/node_modules/@esbuild/win32-x64
46 silly reify mark deleted [ '/var/www/node_modules/@esbuild/win32-x64' ]
47 verbose reify failed optional dependency /var/www/node_modules/@esbuild/win32-ia32
48 silly reify mark deleted [ '/var/www/node_modules/@esbuild/win32-ia32' ]
49 verbose reify failed optional dependency /var/www/node_modules/@esbuild/win32-arm64
50 silly reify mark deleted [ '/var/www/node_modules/@esbuild/win32-arm64' ]
51 verbose reify failed optional dependency /var/www/node_modules/@esbuild/sunos-x64
52 silly reify mark deleted [ '/var/www/node_modules/@esbuild/sunos-x64' ]
53 verbose reify failed optional dependency /var/www/node_modules/@esbuild/openbsd-x64
54 silly reify mark deleted [ '/var/www/node_modules/@esbuild/openbsd-x64' ]
55 verbose reify failed optional dependency /var/www/node_modules/@esbuild/netbsd-x64
56 silly reify mark deleted [ '/var/www/node_modules/@esbuild/netbsd-x64' ]
57 verbose reify failed optional dependency /var/www/node_modules/@esbuild/linux-x64
58 silly reify mark deleted [ '/var/www/node_modules/@esbuild/linux-x64' ]
59 verbose reify failed optional dependency /var/www/node_modules/@esbuild/linux-s390x
60 silly reify mark deleted [ '/var/www/node_modules/@esbuild/linux-s390x' ]
61 verbose reify failed optional dependency /var/www/node_modules/@esbuild/linux-riscv64
62 silly reify mark deleted [ '/var/www/node_modules/@esbuild/linux-riscv64' ]
63 verbose reify failed optional dependency /var/www/node_modules/@esbuild/linux-ppc64
64 silly reify mark deleted [ '/var/www/node_modules/@esbuild/linux-ppc64' ]
65 verbose reify failed optional dependency /var/www/node_modules/@esbuild/linux-mips64el
66 silly reify mark deleted [ '/var/www/node_modules/@esbuild/linux-mips64el' ]
67 verbose reify failed optional dependency /var/www/node_modules/@esbuild/linux-loong64
68 silly reify mark deleted [ '/var/www/node_modules/@esbuild/linux-loong64' ]
69 verbose reify failed optional dependency /var/www/node_modules/@esbuild/linux-ia32
70 silly reify mark deleted [ '/var/www/node_modules/@esbuild/linux-ia32' ]
71 verbose reify failed optional dependency /var/www/node_modules/@esbuild/linux-arm
72 silly reify mark deleted [ '/var/www/node_modules/@esbuild/linux-arm' ]
73 verbose reify failed optional dependency /var/www/node_modules/@esbuild/freebsd-x64
74 silly reify mark deleted [ '/var/www/node_modules/@esbuild/freebsd-x64' ]
75 verbose reify failed optional dependency /var/www/node_modules/@esbuild/freebsd-arm64
76 silly reify mark deleted [ '/var/www/node_modules/@esbuild/freebsd-arm64' ]
77 verbose reify failed optional dependency /var/www/node_modules/@esbuild/darwin-x64
78 silly reify mark deleted [ '/var/www/node_modules/@esbuild/darwin-x64' ]
79 verbose reify failed optional dependency /var/www/node_modules/@esbuild/darwin-arm64
80 silly reify mark deleted [ '/var/www/node_modules/@esbuild/darwin-arm64' ]
81 verbose reify failed optional dependency /var/www/node_modules/@esbuild/android-x64
82 silly reify mark deleted [ '/var/www/node_modules/@esbuild/android-x64' ]
83 verbose reify failed optional dependency /var/www/node_modules/@esbuild/android-arm64
84 silly reify mark deleted [ '/var/www/node_modules/@esbuild/android-arm64' ]
85 verbose reify failed optional dependency /var/www/node_modules/@esbuild/android-arm
86 silly reify mark deleted [ '/var/www/node_modules/@esbuild/android-arm' ]
87 verbose reify failed optional dependency /var/www/node_modules/@esbuild/aix-ppc64
88 silly reify mark deleted [ '/var/www/node_modules/@esbuild/aix-ppc64' ]
89 http fetch POST 200 https://registry.npmjs.org/-/npm/v1/security/advisories/bulk 485ms
90 silly audit report {}
91 info run esbuild@0.21.5 postinstall node_modules/esbuild node install.js
92 info run esbuild@0.21.5 postinstall { code: 0, signal: null }
93 silly ADD node_modules/yaml
94 silly ADD node_modules/wrap-ansi-cjs
95 silly ADD node_modules/wrap-ansi-cjs/node_modules/strip-ansi
96 silly ADD node_modules/wrap-ansi-cjs/node_modules/string-width
97 silly ADD node_modules/wrap-ansi-cjs/node_modules/emoji-regex
98 silly ADD node_modules/wrap-ansi-cjs/node_modules/ansi-styles
99 silly ADD node_modules/wrap-ansi-cjs/node_modules/ansi-regex
100 silly ADD node_modules/wrap-ansi
101 silly ADD node_modules/which
102 silly ADD node_modules/vue
103 silly ADD node_modules/vue/node_modules/@vue/shared
104 silly ADD node_modules/vite-plugin-full-reload
105 silly ADD node_modules/vite
106 silly ADD node_modules/util-deprecate
107 silly ADD node_modules/update-browserslist-db
108 silly ADD node_modules/ts-interface-checker
109 silly ADD node_modules/to-regex-range
110 silly ADD node_modules/thenify-all
111 silly ADD node_modules/thenify
112 silly ADD node_modules/tailwindcss
113 silly ADD node_modules/tailwindcss/node_modules/glob-parent
114 silly ADD node_modules/supports-preserve-symlinks-flag
115 silly ADD node_modules/sucrase
116 silly ADD node_modules/strip-ansi-cjs
117 silly ADD node_modules/strip-ansi-cjs/node_modules/ansi-regex
118 silly ADD node_modules/strip-ansi
119 silly ADD node_modules/string-width-cjs
120 silly ADD node_modules/string-width-cjs/node_modules/strip-ansi
121 silly ADD node_modules/string-width-cjs/node_modules/emoji-regex
122 silly ADD node_modules/string-width-cjs/node_modules/ansi-regex
123 silly ADD node_modules/string-width
124 silly ADD node_modules/source-map-js
125 silly ADD node_modules/signal-exit
126 silly ADD node_modules/shebang-regex
127 silly ADD node_modules/shebang-command
128 silly ADD node_modules/sass
129 silly ADD node_modules/run-parallel
130 silly ADD node_modules/rollup
131 silly ADD node_modules/reusify
132 silly ADD node_modules/resolve
133 silly ADD node_modules/readdirp
134 silly ADD node_modules/read-cache
135 silly ADD node_modules/queue-microtask
136 silly ADD node_modules/proxy-from-env
137 silly ADD node_modules/postcss-value-parser
138 silly ADD node_modules/postcss-selector-parser
139 silly ADD node_modules/postcss-nested
140 silly ADD node_modules/postcss-load-config
141 silly ADD node_modules/postcss-load-config/node_modules/lilconfig
142 silly ADD node_modules/postcss-js
143 silly ADD node_modules/postcss-import
144 silly ADD node_modules/postcss
145 silly ADD node_modules/pirates
146 silly ADD node_modules/pify
147 silly ADD node_modules/picomatch
148 silly ADD node_modules/picocolors
149 silly ADD node_modules/path-scurry
150 silly ADD node_modules/path-parse
151 silly ADD node_modules/path-key
152 silly ADD node_modules/package-json-from-dist
153 silly ADD node_modules/object-hash
154 silly ADD node_modules/object-assign
155 silly ADD node_modules/normalize-range
156 silly ADD node_modules/normalize-path
157 silly ADD node_modules/node-releases
158 silly ADD node_modules/nanoid
159 silly ADD node_modules/mz
160 silly ADD node_modules/minipass
161 silly ADD node_modules/minimatch
162 silly ADD node_modules/mini-svg-data-uri
163 silly ADD node_modules/mime-types
164 silly ADD node_modules/mime-db
165 silly ADD node_modules/micromatch
166 silly ADD node_modules/merge2
167 silly ADD node_modules/magic-string
168 silly ADD node_modules/lru-cache
169 silly ADD node_modules/lines-and-columns
170 silly ADD node_modules/lilconfig
171 silly ADD node_modules/laravel-vite-plugin
172 silly ADD node_modules/jiti
173 silly ADD node_modules/jackspeak
174 silly ADD node_modules/isexe
175 silly ADD node_modules/is-number
176 silly ADD node_modules/is-glob
177 silly ADD node_modules/is-fullwidth-code-point
178 silly ADD node_modules/is-extglob
179 silly ADD node_modules/is-core-module
180 silly ADD node_modules/is-binary-path
181 silly ADD node_modules/immutable
182 silly ADD node_modules/hasown
183 silly ADD node_modules/glob-parent
184 silly ADD node_modules/glob
185 silly ADD node_modules/function-bind
186 silly ADD
187 silly ADD node_modules/fraction.js
188 silly ADD node_modules/form-data
189 silly ADD node_modules/foreground-child
190 silly ADD node_modules/follow-redirects
191 silly ADD node_modules/fill-range
192 silly ADD node_modules/fastq
193 silly ADD node_modules/fast-glob
194 silly ADD node_modules/estree-walker
195 silly ADD node_modules/escalade
196 silly ADD node_modules/esbuild
197 silly ADD node_modules/entities
198 silly ADD node_modules/emoji-regex
199 silly ADD node_modules/electron-to-chromium
200 silly ADD node_modules/eastasianwidth
201 silly ADD node_modules/dlv
202 silly ADD node_modules/didyoumean
203 silly ADD node_modules/delayed-stream
204 silly ADD node_modules/csstype
205 silly ADD node_modules/cssesc
206 silly ADD node_modules/cross-spawn
207 silly ADD node_modules/commander
208 silly ADD node_modules/combined-stream
209 silly ADD node_modules/color-name
210 silly ADD node_modules/color-convert
211 silly ADD node_modules/chokidar
212 silly ADD node_modules/caniuse-lite
213 silly ADD node_modules/camelcase-css
214 silly ADD node_modules/browserslist
215 silly ADD node_modules/braces
216 silly ADD node_modules/brace-expansion
217 silly ADD node_modules/binary-extensions
218 silly ADD node_modules/balanced-match
219 silly ADD node_modules/axios
220 silly ADD node_modules/autoprefixer
221 silly ADD node_modules/asynckit
222 silly ADD node_modules/arg
223 silly ADD node_modules/anymatch
224 silly ADD node_modules/any-promise
225 silly ADD node_modules/ansi-styles
226 silly ADD node_modules/ansi-regex
227 silly ADD node_modules/alpinejs
228 silly ADD node_modules/@vue/shared
229 silly ADD node_modules/@vue/server-renderer
230 silly ADD node_modules/@vue/server-renderer/node_modules/@vue/shared
231 silly ADD node_modules/@vue/runtime-dom
232 silly ADD node_modules/@vue/runtime-dom/node_modules/@vue/shared
233 silly ADD node_modules/@vue/runtime-dom/node_modules/@vue/reactivity
234 silly ADD node_modules/@vue/runtime-core
235 silly ADD node_modules/@vue/runtime-core/node_modules/@vue/shared
236 silly ADD node_modules/@vue/runtime-core/node_modules/@vue/reactivity
237 silly ADD node_modules/@vue/reactivity
238 silly ADD node_modules/@vue/compiler-ssr
239 silly ADD node_modules/@vue/compiler-ssr/node_modules/@vue/shared
240 silly ADD node_modules/@vue/compiler-sfc
241 silly ADD node_modules/@vue/compiler-sfc/node_modules/@vue/shared
242 silly ADD node_modules/@vue/compiler-dom
243 silly ADD node_modules/@vue/compiler-dom/node_modules/@vue/shared
244 silly ADD node_modules/@vue/compiler-core
245 silly ADD node_modules/@vue/compiler-core/node_modules/@vue/shared
246 silly ADD node_modules/@vitejs/plugin-vue
247 silly ADD node_modules/@types/estree
248 silly ADD node_modules/@tailwindcss/forms
249 silly ADD
250 silly ADD
251 silly ADD
252 silly ADD
253 silly ADD
254 silly ADD
255 silly ADD
256 silly ADD
257 silly ADD node_modules/@rollup/rollup-linux-arm64-musl
258 silly ADD node_modules/@rollup/rollup-linux-arm64-gnu
259 silly ADD
260 silly ADD
261 silly ADD
262 silly ADD
263 silly ADD
264 silly ADD
265 silly ADD node_modules/@pkgjs/parseargs
266 silly ADD node_modules/@nodelib/fs.walk
267 silly ADD node_modules/@nodelib/fs.stat
268 silly ADD node_modules/@nodelib/fs.scandir
269 silly ADD node_modules/@jridgewell/trace-mapping
270 silly ADD node_modules/@jridgewell/sourcemap-codec
271 silly ADD node_modules/@jridgewell/set-array
272 silly ADD node_modules/@jridgewell/resolve-uri
273 silly ADD node_modules/@jridgewell/gen-mapping
274 silly ADD node_modules/@isaacs/cliui
275 silly ADD
276 silly ADD
277 silly ADD
278 silly ADD
279 silly ADD
280 silly ADD
281 silly ADD
282 silly ADD
283 silly ADD
284 silly ADD
285 silly ADD
286 silly ADD
287 silly ADD
288 silly ADD node_modules/@esbuild/linux-arm64
289 silly ADD
290 silly ADD
291 silly ADD
292 silly ADD
293 silly ADD
294 silly ADD
295 silly ADD
296 silly ADD
297 silly ADD
298 silly ADD node_modules/@babel/parser
299 silly ADD node_modules/@alloc/quick-lru
300 verbose exit 0
301 info ok
