0 verbose cli /usr/bin/node /usr/bin/npm
1 info using npm@10.7.0
2 info using node@v18.20.3
3 silly config:load:file:/usr/lib/node_modules/npm/npmrc
4 silly config:load:file:/var/www/.npmrc
5 silly config:load:file:/usr/etc/npmrc
6 verbose title npm update
7 verbose argv "update"
8 verbose logfile logs-max:10 dir:/var/www/.npm/_logs/2024-06-19T18_20_49_586Z-
9 verbose logfile /var/www/.npm/_logs/2024-06-19T18_20_49_586Z-debug-0.log
10 silly logfile start cleaning logs, removing 1 files
11 silly logfile done cleaning log files
12 silly idealTree buildDeps
13 silly fetch manifest @tailwindcss/forms@^0.5.2
14 http fetch GET 200 https://registry.npmjs.org/@tailwindcss%2fforms 562ms (cache miss)
15 silly fetch manifest tailwindcss@^3.4.4
16 http fetch GET 200 https://registry.npmjs.org/tailwindcss 92ms (cache revalidated)
17 silly fetch manifest @vitejs/plugin-vue@^4.5.0
18 http fetch GET 200 https://registry.npmjs.org/@vitejs%2fplugin-vue 1639ms (cache miss)
19 silly fetch manifest vite@^5.0.0
20 http fetch GET 200 https://registry.npmjs.org/vite 1447ms (cache miss)
21 silly fetch manifest @types/node@^18.0.0 || >=20.0.0
